<?xml version="1.0" encoding="UTF-8"?>
<testng-results ignored="0" total="1" passed="1" failed="0" skipped="0">
  <reporter-output>
  </reporter-output>
  <suite started-at="2025-06-02T17:58:06 IST" name="Default suite" finished-at="2025-06-02T17:58:06 IST" duration-ms="33">
    <groups>
    </groups>
    <test started-at="2025-06-02T17:58:06 IST" name="Default test" finished-at="2025-06-02T17:58:06 IST" duration-ms="33">
      <class name="NewEclipsePacjkage.NewEclipsePackClass">
        <test-method signature="NewEclipsePackClassMethod()[pri:0, instance:NewEclipsePacjkage.NewEclipsePackClass@3624da92]" started-at="2025-06-02T17:58:06 IST" name="NewEclipsePackClassMethod" finished-at="2025-06-02T17:58:06 IST" duration-ms="8" status="PASS">
          <reporter-output>
          </reporter-output>
        </test-method> <!-- NewEclipsePackClassMethod -->
      </class> <!-- NewEclipsePacjkage.NewEclipsePackClass -->
    </test> <!-- Default test -->
  </suite> <!-- Default suite -->
</testng-results>
